<?xml version="1.0" encoding="UTF-8"?>
<testng-results skipped="0" failed="0" ignored="0" total="1" passed="1">
  <reporter-output>
  </reporter-output>
  <suite name="Default suite" duration-ms="10456" started-at="2019-02-01T12:29:54Z" finished-at="2019-02-01T12:30:04Z">
    <groups>
    </groups>
    <test name="Default test" duration-ms="10456" started-at="2019-02-01T12:29:54Z" finished-at="2019-02-01T12:30:04Z">
      <class name="Browserutil.OpenBrowser">
        <test-method status="PASS" signature="OpenApplication()[pri:0, instance:Browserutil.OpenBrowser@28d25987]" name="OpenApplication" duration-ms="10416" started-at="2019-02-01T12:29:54Z" finished-at="2019-02-01T12:30:04Z">
          <reporter-output>
          </reporter-output>
        </test-method> <!-- OpenApplication -->
      </class> <!-- Browserutil.OpenBrowser -->
    </test> <!-- Default test -->
  </suite> <!-- Default suite -->
</testng-results>
